<?xml version="1.0" encoding="UTF-8"?>
<testsuite xmlns:xsi="http://www.w3.org/2001/XMLSchema-instance" xsi:noNamespaceSchemaLocation="https://maven.apache.org/surefire/maven-surefire-plugin/xsd/surefire-test-report-3.0.xsd" version="3.0" name="TestSuite" time="23.256" tests="2" errors="0" skipped="0" failures="0">
  <properties>
[...]
</properties>
  <testcase name="FacebookLoginPageTest" classname="com.projectname.qa.TestCases.LoginTest" time="1.876">
    <system-out><![CDATA[verifyFacebookLoginPageLogo
verifyFacebookLoginPageTagline
verifyFacebookLoginPageCreatenewAccount
verifyFacebookLoginPagecreatepagelink
Sign Up
Log In
Messenger
Facebook Lite
Watch
Places
Games
Marketplace
Facebook Pay
Oculus
Portal
Instagram
Bulletin
Local
Fundraisers
Services
Voting Information Centre
Groups
About
Create ad
Create Page
Developers
Careers
Privacy
Cookies
AdChoices
Terms
Help
Contact uploading and non-users
Settings
Activity log
verifyFacebookLoginPagefooterlinks
setFacebookLoginPageUsername
setFacebookLoginPagePassword
clickFacebookLoginPageLoginBtn
]]></system-out>
    <system-err><![CDATA[Starting ChromeDriver 103.0.5060.53 (a1711811edd74ff1cf2150f36ffa3b0dae40b17f-refs/branch-heads/5060@{#853}) on port 23059
Only local connections are allowed.
Please see https://chromedriver.chromium.org/security-considerations for suggestions on keeping ChromeDriver safe.
ChromeDriver was started successfully.
[1660808031.930][WARNING]: This version of ChromeDriver has not been tested with Chrome version 104.
Aug 18, 2022 1:03:51 PM org.openqa.selenium.remote.ProtocolHandshake createSession
INFO: Detected dialect: W3C
]]></system-err>
  </testcase>
  <testcase name="FacebookRegistrationPageTest" classname="com.projectname.qa.TestCases.RegistrationTest" time="3.374">
    <system-err><![CDATA[Starting ChromeDriver 103.0.5060.53 (a1711811edd74ff1cf2150f36ffa3b0dae40b17f-refs/branch-heads/5060@{#853}) on port 22667
Only local connections are allowed.
Please see https://chromedriver.chromium.org/security-considerations for suggestions on keeping ChromeDriver safe.
ChromeDriver was started successfully.
[1660808042.225][WARNING]: This version of ChromeDriver has not been tested with Chrome version 104.
Aug 18, 2022 1:04:02 PM org.openqa.selenium.remote.ProtocolHandshake createSession
INFO: Detected dialect: W3C
]]></system-err>
  </testcase>
</testsuite>